<?xml version="1.0" encoding="UTF-8"?>
<!-- Generated by org.testng.reporters.JUnitReportReporter -->
<testsuite skipped="0" hostname="MWKST738" name="AnotherNG.TestNGFrameWork" tests="1" failures="0" timestamp="29 juin 2017 18:33:56 GMT" time="117.648" errors="0">
  <testcase name="openChrome" time="117.648" classname="AnotherNG.TestNGFrameWork"/>
</testsuite> <!-- AnotherNG.TestNGFrameWork -->
