<?xml version="1.0" encoding="UTF-8"?>
<!-- Generated by org.testng.reporters.JUnitReportReporter -->
<testsuite skipped="1" hostname="MWKST738" name="testNG.DesActivateMaintenancePage" tests="2" failures="0" timestamp="04 juil. 2017 17:58:51 GMT" time="221.151" errors="0">
  <testcase name="desActivate" time="221.151" classname="testNG.DesActivateMaintenancePage"/>
  <testcase name="polymont_sp2_2016" classname="testNG.DesActivateMaintenancePage">
    <skipped/>
  </testcase> <!-- polymont_sp2_2016 -->
</testsuite> <!-- testNG.DesActivateMaintenancePage -->
